<?xml version="1.0" encoding="UTF-8"?>
<!-- Generated by org.testng.reporters.JUnitReportReporter -->
<testsuite hostname="ITEM-AX31022" name="tests.LoginAndCheckFirstPage" tests="1" failures="0" timestamp="29 Sep 2017 14:42:01 GMT" time="7.857" errors="0">
  <testcase name="loginAndCheckFirstPage" time="7.857" classname="tests.LoginAndCheckFirstPage"/>
</testsuite> <!-- tests.LoginAndCheckFirstPage -->
