<?xml version="1.0" encoding="UTF-8"?>
<!-- Generated by org.testng.reporters.JUnitReportReporter -->
<testsuite hostname="ITEM-AX31022" name="atapardea.FirstTest" tests="1" failures="0" timestamp="29 Sep 2017 09:47:19 GMT" time="13.498" errors="0">
  <testcase name="firstT" time="13.498" classname="atapardea.FirstTest"/>
</testsuite> <!-- atapardea.FirstTest -->
